Using pre-set license
Built from '2021.3/staging' branch; Version is '2021.3.1f1 (3b70a0754835) revision 3895456'; Using compiler version '192829333'; Build Type 'Release'
OS: 'Windows 11  (10.0.22000) 64bit Core' Language: 'de' Physical Memory: 6082 MB
BatchMode: 1, IsHumanControllingUs: 0, StartBugReporterOnCrash: 0, Is64bit: 1, IsPro: 1

COMMAND LINE ARGUMENTS:
C:\Program Files\Unity\Hub\Editor\2021.3.1f1\Editor\Unity.exe
-adb2
-batchMode
-noUpm
-name
AssetImportWorker1
-projectPath
C:/Users/sasch/Documents/GitHub/UnityProject/Configurator
-logFile
Logs/AssetImportWorker1.log
-srvPort
50276
Successfully changed project path to: C:/Users/sasch/Documents/GitHub/UnityProject/Configurator
C:/Users/sasch/Documents/GitHub/UnityProject/Configurator
[UnityMemory] Configuration Parameters - Can be set up in boot.config
    "memorysetup-bucket-allocator-granularity=16"
    "memorysetup-bucket-allocator-bucket-count=8"
    "memorysetup-bucket-allocator-block-size=33554432"
    "memorysetup-bucket-allocator-block-count=8"
    "memorysetup-main-allocator-block-size=16777216"
    "memorysetup-thread-allocator-block-size=16777216"
    "memorysetup-gfx-main-allocator-block-size=16777216"
    "memorysetup-gfx-thread-allocator-block-size=16777216"
    "memorysetup-cache-allocator-block-size=4194304"
    "memorysetup-typetree-allocator-block-size=2097152"
    "memorysetup-profiler-bucket-allocator-granularity=16"
    "memorysetup-profiler-bucket-allocator-bucket-count=8"
    "memorysetup-profiler-bucket-allocator-block-size=33554432"
    "memorysetup-profiler-bucket-allocator-block-count=8"
    "memorysetup-profiler-allocator-block-size=16777216"
    "memorysetup-profiler-editor-allocator-block-size=1048576"
    "memorysetup-temp-allocator-size-main=16777216"
    "memorysetup-job-temp-allocator-block-size=2097152"
    "memorysetup-job-temp-allocator-block-size-background=1048576"
    "memorysetup-job-temp-allocator-reduction-small-platforms=262144"
    "memorysetup-temp-allocator-size-background-worker=32768"
    "memorysetup-temp-allocator-size-job-worker=262144"
    "memorysetup-temp-allocator-size-preload-manager=33554432"
    "memorysetup-temp-allocator-size-nav-mesh-worker=65536"
    "memorysetup-temp-allocator-size-audio-worker=65536"
    "memorysetup-temp-allocator-size-cloud-worker=32768"
    "memorysetup-temp-allocator-size-gi-baking-worker=262144"
    "memorysetup-temp-allocator-size-gfx=262144"
Refreshing native plugins compatible for Editor in 179.00 ms, found 3 plugins.
Preloading 0 native plugins for Editor in 0.00 ms.
Initialize engine version: 2021.3.1f1 (3b70a0754835)
[Subsystems] Discovering subsystems at path C:/Program Files/Unity/Hub/Editor/2021.3.1f1/Editor/Data/Resources/UnitySubsystems
[Subsystems] Discovering subsystems at path C:/Users/sasch/Documents/GitHub/UnityProject/Configurator/Assets
GfxDevice: creating device client; threaded=0; jobified=0
Direct3D:
    Version:  Direct3D 11.0 [level 11.1]
    Renderer: AMD Radeon(TM) Vega 8 Graphics (ID=0x15d8)
    Vendor:   ATI
    VRAM:     3041 MB
    Driver:   26.20.15019.19000
Initialize mono
Mono path[0] = 'C:/Program Files/Unity/Hub/Editor/2021.3.1f1/Editor/Data/Managed'
Mono path[1] = 'C:/Program Files/Unity/Hub/Editor/2021.3.1f1/Editor/Data/MonoBleedingEdge/lib/mono/unityjit-win32'
Mono config path = 'C:/Program Files/Unity/Hub/Editor/2021.3.1f1/Editor/Data/MonoBleedingEdge/etc'
Using monoOptions --debugger-agent=transport=dt_socket,embedding=1,server=y,suspend=n,address=127.0.0.1:56264
Begin MonoManager ReloadAssembly
Registering precompiled unity dll's ...
Register platform support module: C:/Program Files/Unity/Hub/Editor/2021.3.1f1/Editor/Data/PlaybackEngines/AndroidPlayer/UnityEditor.Android.Extensions.dll
Register platform support module: C:/Program Files/Unity/Hub/Editor/2021.3.1f1/Editor/Data/PlaybackEngines/WindowsStandaloneSupport/UnityEditor.WindowsStandalone.Extensions.dll
Register platform support module: C:/Program Files/Unity/Hub/Editor/2021.3.1f1/Editor/Data/PlaybackEngines/MetroSupport/UnityEditor.UWP.Extensions.dll
Registered in 0.009035 seconds.
Native extension for UWP target not found
Native extension for WindowsStandalone target not found
Native extension for Android target not found
Refreshing native plugins compatible for Editor in 181.92 ms, found 3 plugins.
Preloading 0 native plugins for Editor in 0.00 ms.
Mono: successfully reloaded assembly
- Completed reload, in  1.486 seconds
Domain Reload Profiling:
	ReloadAssembly (1487ms)
		BeginReloadAssembly (220ms)
			ExecutionOrderSort (0ms)
			DisableScriptedObjects (0ms)
			BackupInstance (0ms)
			ReleaseScriptingObjects (0ms)
			CreateAndSetChildDomain (1ms)
		EndReloadAssembly (1055ms)
			LoadAssemblies (212ms)
			RebuildTransferFunctionScriptingTraits (0ms)
			SetupTypeCache (239ms)
			ReleaseScriptCaches (0ms)
			RebuildScriptCaches (57ms)
			SetupLoadedEditorAssemblies (619ms)
				LogAssemblyErrors (0ms)
				InitializePlatformSupportModulesInManaged (137ms)
				SetLoadedEditorAssemblies (0ms)
				RefreshPlugins (182ms)
				BeforeProcessingInitializeOnLoad (6ms)
				ProcessInitializeOnLoadAttributes (198ms)
				ProcessInitializeOnLoadMethodAttributes (95ms)
				AfterProcessingInitializeOnLoad (0ms)
				EditorAssembliesLoaded (0ms)
			ExecutionOrderSort2 (0ms)
			AwakeInstancesAfterBackupRestoration (0ms)
Platform modules already initialized, skipping
Registering precompiled user dll's ...
Registered in 0.011534 seconds.
Begin MonoManager ReloadAssembly
Symbol file LoadedFromMemory doesn't match image C:\Users\sasch\Documents\GitHub\UnityProject\Configurator\Library\PackageCache\com.unity.visualscripting@1.7.6\Editor\VisualScripting.Core\Dependencies\YamlDotNet\Unity.VisualScripting.YamlDotNet.dll
Symbol file LoadedFromMemory is not a mono symbol file
Symbol file LoadedFromMemory doesn't match image C:\Users\sasch\Documents\GitHub\UnityProject\Configurator\Library\PackageCache\com.unity.visualscripting@1.7.6\Editor\VisualScripting.Core\Dependencies\DotNetZip\Unity.VisualScripting.IonicZip.dll
Native extension for UWP target not found
Native extension for WindowsStandalone target not found
Native extension for Android target not found
Refreshing native plugins compatible for Editor in 2.59 ms, found 3 plugins.
Preloading 0 native plugins for Editor in 0.00 ms.
Package Manager log level set to [2]
Mono: successfully reloaded assembly
- Completed reload, in  2.843 seconds
Domain Reload Profiling:
	ReloadAssembly (2844ms)
		BeginReloadAssembly (334ms)
			ExecutionOrderSort (0ms)
			DisableScriptedObjects (13ms)
			BackupInstance (0ms)
			ReleaseScriptingObjects (0ms)
			CreateAndSetChildDomain (147ms)
		EndReloadAssembly (2257ms)
			LoadAssemblies (283ms)
			RebuildTransferFunctionScriptingTraits (0ms)
			SetupTypeCache (687ms)
			ReleaseScriptCaches (3ms)
			RebuildScriptCaches (169ms)
			SetupLoadedEditorAssemblies (1015ms)
				LogAssemblyErrors (0ms)
				InitializePlatformSupportModulesInManaged (36ms)
				SetLoadedEditorAssemblies (1ms)
				RefreshPlugins (3ms)
				BeforeProcessingInitializeOnLoad (215ms)
				ProcessInitializeOnLoadAttributes (689ms)
				ProcessInitializeOnLoadMethodAttributes (60ms)
				AfterProcessingInitializeOnLoad (11ms)
				EditorAssembliesLoaded (0ms)
			ExecutionOrderSort2 (0ms)
			AwakeInstancesAfterBackupRestoration (16ms)
Platform modules already initialized, skipping
========================================================================
Worker process is ready to serve import requests
Launched and connected shader compiler UnityShaderCompiler.exe after 0.13 seconds
Refreshing native plugins compatible for Editor in 1.66 ms, found 3 plugins.
Preloading 0 native plugins for Editor in 0.00 ms.
Unloading 3254 Unused Serialized files (Serialized files now loaded: 0)
Unloading 26 unused Assets / (117.7 KB). Loaded Objects now: 3832.
Memory consumption went from 121.9 MB to 121.8 MB.
Total: 8.505300 ms (FindLiveObjects: 0.498900 ms CreateObjectMapping: 0.495000 ms MarkObjects: 7.238100 ms  DeleteObjects: 0.271200 ms)

AssetImportParameters requested are different than current active one (requested -> active):
  custom:video-decoder-ogg-theora: a1e56fd34408186e4bbccfd4996cb3dc -> 
  custom:container-muxer-webm: aa71ff27fc2769a1b78a27578f13a17b -> 
  custom:container-demuxer-webm: 4f35f7cbe854078d1ac9338744f61a02 -> 
  custom:video-encoder-webm-vp8: eb34c28f22e8b96e1ab97ce403110664 -> 
  custom:video-codec-MediaFoundation-h265: 746d11721c4dcdbdad8f713fa42b33f4 -> 
  custom:audio-encoder-webm-vorbis: bf7c407c2cedff20999df2af8eb42d56 -> 
  custom:framework-win-MediaFoundation: 216162199b28c13a410421893ffa2e32 -> 
  custom:container-demuxer-ogg: 62fdf1f143b41e24485cea50d1cbac27 -> 
  custom:video-decoder-webm-vp8: 9c59270c3fd7afecdb556c50c9e8de78 -> 
  custom:audio-decoder-ogg-vorbis: bf7c407c2cedff20999df2af8eb42d56 -> 
========================================================================
Received Import Request.
  Time since last request: 1258894.076000 seconds.
  path: Assets/Traffic Essentials Asset Pack/Meshes/CurvedGuardRail1.fbx
  artifactKey: Guid(817a78ce01755477f98f9c8e7363ceeb) Importer(815301076,1909f56bfc062723c751e8b465ee728b)
Start importing Assets/Traffic Essentials Asset Pack/Meshes/CurvedGuardRail1.fbx using Guid(817a78ce01755477f98f9c8e7363ceeb) Importer(815301076,1909f56bfc062723c751e8b465ee728b)  -> (artifact id: 'a47baade429cf329ff330d9a257670df') in 0.372719 seconds 
========================================================================
Received Import Request.
  Time since last request: 0.000084 seconds.
  path: Assets/Traffic Essentials Asset Pack/Meshes/ManholeCover.fbx
  artifactKey: Guid(a22765c5a471346cdbe69816f3293495) Importer(815301076,1909f56bfc062723c751e8b465ee728b)
Start importing Assets/Traffic Essentials Asset Pack/Meshes/ManholeCover.fbx using Guid(a22765c5a471346cdbe69816f3293495) Importer(815301076,1909f56bfc062723c751e8b465ee728b)  -> (artifact id: '9a0547f6978d81fb511b9ee677c4a336') in 0.153457 seconds 
========================================================================
Received Import Request.
  Time since last request: 0.000051 seconds.
  path: Assets/Traffic Essentials Asset Pack/Meshes/StreetLight.fbx
  artifactKey: Guid(e7b20e47143fe46eb8099e354ef54577) Importer(815301076,1909f56bfc062723c751e8b465ee728b)
Start importing Assets/Traffic Essentials Asset Pack/Meshes/StreetLight.fbx using Guid(e7b20e47143fe46eb8099e354ef54577) Importer(815301076,1909f56bfc062723c751e8b465ee728b)  -> (artifact id: '30e7db05131f0284a234523e71911f7a') in 0.106670 seconds 
========================================================================
Received Import Request.
  Time since last request: 0.000034 seconds.
  path: Assets/Traffic Essentials Asset Pack/Meshes/WrongWaySign.fbx
  artifactKey: Guid(4c0e2f3dc21bdfc47b22cde714b3a7d3) Importer(815301076,1909f56bfc062723c751e8b465ee728b)
Start importing Assets/Traffic Essentials Asset Pack/Meshes/WrongWaySign.fbx using Guid(4c0e2f3dc21bdfc47b22cde714b3a7d3) Importer(815301076,1909f56bfc062723c751e8b465ee728b)  -> (artifact id: '4274689d1c62aef5f2538d6936df821e') in 0.089622 seconds 
========================================================================
Received Import Request.
  Time since last request: 0.000065 seconds.
  path: Assets/Traffic Essentials Asset Pack/Meshes/WoodenPost.fbx
  artifactKey: Guid(8aab4e513565f4054862a84613090c92) Importer(815301076,1909f56bfc062723c751e8b465ee728b)
Start importing Assets/Traffic Essentials Asset Pack/Meshes/WoodenPost.fbx using Guid(8aab4e513565f4054862a84613090c92) Importer(815301076,1909f56bfc062723c751e8b465ee728b)  -> (artifact id: '75e90604f2d09003fead4cc5029a9f5e') in 0.043981 seconds 
========================================================================
Received Import Request.
  Time since last request: 0.000062 seconds.
  path: Assets/Traffic Essentials Asset Pack/Meshes/MetalPole.fbx
  artifactKey: Guid(a674b978e2c034bd9a1c486803b30953) Importer(815301076,1909f56bfc062723c751e8b465ee728b)
Start importing Assets/Traffic Essentials Asset Pack/Meshes/MetalPole.fbx using Guid(a674b978e2c034bd9a1c486803b30953) Importer(815301076,1909f56bfc062723c751e8b465ee728b)  -> (artifact id: 'd00425003d6f3d4ec343f98f342a966a') in 0.103626 seconds 
========================================================================
Received Import Request.
  Time since last request: 0.000047 seconds.
  path: Assets/Traffic Essentials Asset Pack/Meshes/Pedestrian Light.fbx
  artifactKey: Guid(d635aacf8d3b0d24c875283363e8dc60) Importer(815301076,1909f56bfc062723c751e8b465ee728b)
Start importing Assets/Traffic Essentials Asset Pack/Meshes/Pedestrian Light.fbx using Guid(d635aacf8d3b0d24c875283363e8dc60) Importer(815301076,1909f56bfc062723c751e8b465ee728b)  -> (artifact id: 'edc8c59f1beb7754f1e4481a2892ae68') in 0.258884 seconds 
========================================================================
Received Import Request.
  Time since last request: 0.000095 seconds.
  path: Assets/Traffic Essentials Asset Pack/Meshes/RegPylon.fbx
  artifactKey: Guid(903a8bdfbd7fa462e94fb9bea1e347f6) Importer(815301076,1909f56bfc062723c751e8b465ee728b)
Start importing Assets/Traffic Essentials Asset Pack/Meshes/RegPylon.fbx using Guid(903a8bdfbd7fa462e94fb9bea1e347f6) Importer(815301076,1909f56bfc062723c751e8b465ee728b)  -> (artifact id: '0beaae38f5ee31b4baca0725d014198b') in 0.108673 seconds 
========================================================================
Received Import Request.
  Time since last request: 0.000113 seconds.
  path: Assets/Traffic Essentials Asset Pack/Meshes/DiamondSign.fbx
  artifactKey: Guid(8c6cab87e3fbf475faa14887074d80b9) Importer(815301076,1909f56bfc062723c751e8b465ee728b)
Start importing Assets/Traffic Essentials Asset Pack/Meshes/DiamondSign.fbx using Guid(8c6cab87e3fbf475faa14887074d80b9) Importer(815301076,1909f56bfc062723c751e8b465ee728b)  -> (artifact id: '791352fbaa863daef096223d1d4aa5e1') in 0.111864 seconds 
========================================================================
Received Import Request.
  Time since last request: 0.000055 seconds.
  path: Assets/Traffic Essentials Asset Pack/Meshes/50Slsign.fbx
  artifactKey: Guid(414b0320ff9eb43bf9c6562e2962cf23) Importer(815301076,1909f56bfc062723c751e8b465ee728b)
Start importing Assets/Traffic Essentials Asset Pack/Meshes/50Slsign.fbx using Guid(414b0320ff9eb43bf9c6562e2962cf23) Importer(815301076,1909f56bfc062723c751e8b465ee728b)  -> (artifact id: 'a70b8e7d956237f82c0c81798c758d92') in 0.113002 seconds 
========================================================================
Received Import Request.
  Time since last request: 0.000056 seconds.
  path: Assets/Traffic Essentials Asset Pack/Meshes/StopSign.fbx
  artifactKey: Guid(7e10549c4aeb9418fb8665f2a87a5b33) Importer(815301076,1909f56bfc062723c751e8b465ee728b)
Start importing Assets/Traffic Essentials Asset Pack/Meshes/StopSign.fbx using Guid(7e10549c4aeb9418fb8665f2a87a5b33) Importer(815301076,1909f56bfc062723c751e8b465ee728b)  -> (artifact id: 'c9792962f321d84ca3b04498a26523fb') in 0.112896 seconds 
========================================================================
Received Import Request.
  Time since last request: 0.000051 seconds.
  path: Assets/Traffic Essentials Asset Pack/Meshes/ParkingMeter.fbx
  artifactKey: Guid(fcab977a2b144431a85fd4c3e53f3788) Importer(815301076,1909f56bfc062723c751e8b465ee728b)
Start importing Assets/Traffic Essentials Asset Pack/Meshes/ParkingMeter.fbx using Guid(fcab977a2b144431a85fd4c3e53f3788) Importer(815301076,1909f56bfc062723c751e8b465ee728b)  -> (artifact id: '1bf6966777c64f8bbf0d913ad9811e50') in 0.194948 seconds 
