Using pre-set license
Built from '2021.3/staging' branch; Version is '2021.3.1f1 (3b70a0754835) revision 3895456'; Using compiler version '192829333'; Build Type 'Release'
OS: 'Windows 11  (10.0.22000) 64bit Core' Language: 'de' Physical Memory: 6082 MB
BatchMode: 1, IsHumanControllingUs: 0, StartBugReporterOnCrash: 0, Is64bit: 1, IsPro: 1

COMMAND LINE ARGUMENTS:
C:\Program Files\Unity\Hub\Editor\2021.3.1f1\Editor\Unity.exe
-adb2
-batchMode
-noUpm
-name
AssetImportWorker0
-projectPath
C:/Users/sasch/Documents/GitHub/UnityProject/Configurator
-logFile
Logs/AssetImportWorker0.log
-srvPort
50276
Successfully changed project path to: C:/Users/sasch/Documents/GitHub/UnityProject/Configurator
C:/Users/sasch/Documents/GitHub/UnityProject/Configurator
[UnityMemory] Configuration Parameters - Can be set up in boot.config
    "memorysetup-bucket-allocator-granularity=16"
    "memorysetup-bucket-allocator-bucket-count=8"
    "memorysetup-bucket-allocator-block-size=33554432"
    "memorysetup-bucket-allocator-block-count=8"
    "memorysetup-main-allocator-block-size=16777216"
    "memorysetup-thread-allocator-block-size=16777216"
    "memorysetup-gfx-main-allocator-block-size=16777216"
    "memorysetup-gfx-thread-allocator-block-size=16777216"
    "memorysetup-cache-allocator-block-size=4194304"
    "memorysetup-typetree-allocator-block-size=2097152"
    "memorysetup-profiler-bucket-allocator-granularity=16"
    "memorysetup-profiler-bucket-allocator-bucket-count=8"
    "memorysetup-profiler-bucket-allocator-block-size=33554432"
    "memorysetup-profiler-bucket-allocator-block-count=8"
    "memorysetup-profiler-allocator-block-size=16777216"
    "memorysetup-profiler-editor-allocator-block-size=1048576"
    "memorysetup-temp-allocator-size-main=16777216"
    "memorysetup-job-temp-allocator-block-size=2097152"
    "memorysetup-job-temp-allocator-block-size-background=1048576"
    "memorysetup-job-temp-allocator-reduction-small-platforms=262144"
    "memorysetup-temp-allocator-size-background-worker=32768"
    "memorysetup-temp-allocator-size-job-worker=262144"
    "memorysetup-temp-allocator-size-preload-manager=33554432"
    "memorysetup-temp-allocator-size-nav-mesh-worker=65536"
    "memorysetup-temp-allocator-size-audio-worker=65536"
    "memorysetup-temp-allocator-size-cloud-worker=32768"
    "memorysetup-temp-allocator-size-gi-baking-worker=262144"
    "memorysetup-temp-allocator-size-gfx=262144"
Refreshing native plugins compatible for Editor in 181.93 ms, found 3 plugins.
Preloading 0 native plugins for Editor in 0.00 ms.
Initialize engine version: 2021.3.1f1 (3b70a0754835)
[Subsystems] Discovering subsystems at path C:/Program Files/Unity/Hub/Editor/2021.3.1f1/Editor/Data/Resources/UnitySubsystems
[Subsystems] Discovering subsystems at path C:/Users/sasch/Documents/GitHub/UnityProject/Configurator/Assets
GfxDevice: creating device client; threaded=0; jobified=0
Direct3D:
    Version:  Direct3D 11.0 [level 11.1]
    Renderer: AMD Radeon(TM) Vega 8 Graphics (ID=0x15d8)
    Vendor:   ATI
    VRAM:     3041 MB
    Driver:   26.20.15019.19000
Initialize mono
Mono path[0] = 'C:/Program Files/Unity/Hub/Editor/2021.3.1f1/Editor/Data/Managed'
Mono path[1] = 'C:/Program Files/Unity/Hub/Editor/2021.3.1f1/Editor/Data/MonoBleedingEdge/lib/mono/unityjit-win32'
Mono config path = 'C:/Program Files/Unity/Hub/Editor/2021.3.1f1/Editor/Data/MonoBleedingEdge/etc'
Using monoOptions --debugger-agent=transport=dt_socket,embedding=1,server=y,suspend=n,address=127.0.0.1:56420
Begin MonoManager ReloadAssembly
Registering precompiled unity dll's ...
Register platform support module: C:/Program Files/Unity/Hub/Editor/2021.3.1f1/Editor/Data/PlaybackEngines/AndroidPlayer/UnityEditor.Android.Extensions.dll
Register platform support module: C:/Program Files/Unity/Hub/Editor/2021.3.1f1/Editor/Data/PlaybackEngines/WindowsStandaloneSupport/UnityEditor.WindowsStandalone.Extensions.dll
Register platform support module: C:/Program Files/Unity/Hub/Editor/2021.3.1f1/Editor/Data/PlaybackEngines/MetroSupport/UnityEditor.UWP.Extensions.dll
Registered in 0.014080 seconds.
Native extension for UWP target not found
Native extension for WindowsStandalone target not found
Native extension for Android target not found
Refreshing native plugins compatible for Editor in 186.81 ms, found 3 plugins.
Preloading 0 native plugins for Editor in 0.00 ms.
Mono: successfully reloaded assembly
- Completed reload, in  1.486 seconds
Domain Reload Profiling:
	ReloadAssembly (1487ms)
		BeginReloadAssembly (217ms)
			ExecutionOrderSort (0ms)
			DisableScriptedObjects (0ms)
			BackupInstance (0ms)
			ReleaseScriptingObjects (0ms)
			CreateAndSetChildDomain (1ms)
		EndReloadAssembly (1058ms)
			LoadAssemblies (210ms)
			RebuildTransferFunctionScriptingTraits (0ms)
			SetupTypeCache (232ms)
			ReleaseScriptCaches (0ms)
			RebuildScriptCaches (51ms)
			SetupLoadedEditorAssemblies (624ms)
				LogAssemblyErrors (0ms)
				InitializePlatformSupportModulesInManaged (132ms)
				SetLoadedEditorAssemblies (0ms)
				RefreshPlugins (187ms)
				BeforeProcessingInitializeOnLoad (4ms)
				ProcessInitializeOnLoadAttributes (200ms)
				ProcessInitializeOnLoadMethodAttributes (100ms)
				AfterProcessingInitializeOnLoad (0ms)
				EditorAssembliesLoaded (0ms)
			ExecutionOrderSort2 (0ms)
			AwakeInstancesAfterBackupRestoration (0ms)
Platform modules already initialized, skipping
Registering precompiled user dll's ...
Registered in 0.011479 seconds.
Begin MonoManager ReloadAssembly
Symbol file LoadedFromMemory doesn't match image C:\Users\sasch\Documents\GitHub\UnityProject\Configurator\Library\PackageCache\com.unity.visualscripting@1.7.6\Editor\VisualScripting.Core\Dependencies\YamlDotNet\Unity.VisualScripting.YamlDotNet.dll
Symbol file LoadedFromMemory is not a mono symbol file
Symbol file LoadedFromMemory doesn't match image C:\Users\sasch\Documents\GitHub\UnityProject\Configurator\Library\PackageCache\com.unity.visualscripting@1.7.6\Editor\VisualScripting.Core\Dependencies\DotNetZip\Unity.VisualScripting.IonicZip.dll
Native extension for UWP target not found
Native extension for WindowsStandalone target not found
Native extension for Android target not found
Refreshing native plugins compatible for Editor in 2.97 ms, found 3 plugins.
Preloading 0 native plugins for Editor in 0.00 ms.
Package Manager log level set to [2]
Mono: successfully reloaded assembly
- Completed reload, in  2.823 seconds
Domain Reload Profiling:
	ReloadAssembly (2825ms)
		BeginReloadAssembly (338ms)
			ExecutionOrderSort (0ms)
			DisableScriptedObjects (11ms)
			BackupInstance (0ms)
			ReleaseScriptingObjects (1ms)
			CreateAndSetChildDomain (145ms)
		EndReloadAssembly (2236ms)
			LoadAssemblies (270ms)
			RebuildTransferFunctionScriptingTraits (0ms)
			SetupTypeCache (679ms)
			ReleaseScriptCaches (1ms)
			RebuildScriptCaches (179ms)
			SetupLoadedEditorAssemblies (994ms)
				LogAssemblyErrors (0ms)
				InitializePlatformSupportModulesInManaged (39ms)
				SetLoadedEditorAssemblies (3ms)
				RefreshPlugins (3ms)
				BeforeProcessingInitializeOnLoad (227ms)
				ProcessInitializeOnLoadAttributes (655ms)
				ProcessInitializeOnLoadMethodAttributes (54ms)
				AfterProcessingInitializeOnLoad (13ms)
				EditorAssembliesLoaded (0ms)
			ExecutionOrderSort2 (0ms)
			AwakeInstancesAfterBackupRestoration (16ms)
Platform modules already initialized, skipping
========================================================================
Worker process is ready to serve import requests
Launched and connected shader compiler UnityShaderCompiler.exe after 0.12 seconds
Refreshing native plugins compatible for Editor in 1.71 ms, found 3 plugins.
Preloading 0 native plugins for Editor in 0.00 ms.
Unloading 3254 Unused Serialized files (Serialized files now loaded: 0)
Unloading 26 unused Assets / (117.7 KB). Loaded Objects now: 3832.
Memory consumption went from 121.8 MB to 121.7 MB.
Total: 8.559400 ms (FindLiveObjects: 0.742800 ms CreateObjectMapping: 0.680800 ms MarkObjects: 6.885600 ms  DeleteObjects: 0.247600 ms)

AssetImportParameters requested are different than current active one (requested -> active):
  custom:video-decoder-ogg-theora: a1e56fd34408186e4bbccfd4996cb3dc -> 
  custom:container-muxer-webm: aa71ff27fc2769a1b78a27578f13a17b -> 
  custom:container-demuxer-webm: 4f35f7cbe854078d1ac9338744f61a02 -> 
  custom:video-encoder-webm-vp8: eb34c28f22e8b96e1ab97ce403110664 -> 
  custom:video-codec-MediaFoundation-h265: 746d11721c4dcdbdad8f713fa42b33f4 -> 
  custom:audio-encoder-webm-vorbis: bf7c407c2cedff20999df2af8eb42d56 -> 
  custom:framework-win-MediaFoundation: 216162199b28c13a410421893ffa2e32 -> 
  custom:container-demuxer-ogg: 62fdf1f143b41e24485cea50d1cbac27 -> 
  custom:video-decoder-webm-vp8: 9c59270c3fd7afecdb556c50c9e8de78 -> 
  custom:audio-decoder-ogg-vorbis: bf7c407c2cedff20999df2af8eb42d56 -> 
========================================================================
Received Import Request.
  Time since last request: 1258894.076866 seconds.
  path: Assets/Traffic Essentials Asset Pack/Meshes/Trisign.fbx
  artifactKey: Guid(dc2d282cd01534725a09dfc6765bcb14) Importer(815301076,1909f56bfc062723c751e8b465ee728b)
Start importing Assets/Traffic Essentials Asset Pack/Meshes/Trisign.fbx using Guid(dc2d282cd01534725a09dfc6765bcb14) Importer(815301076,1909f56bfc062723c751e8b465ee728b)  -> (artifact id: 'e418ad00873475e4552cced2ef1feee2') in 0.374896 seconds 
========================================================================
Received Import Request.
  Time since last request: 0.000050 seconds.
  path: Assets/Traffic Essentials Asset Pack/Meshes/100Slsign.fbx
  artifactKey: Guid(8935d456f0a48414fadd5c6cbbecab52) Importer(815301076,1909f56bfc062723c751e8b465ee728b)
Start importing Assets/Traffic Essentials Asset Pack/Meshes/100Slsign.fbx using Guid(8935d456f0a48414fadd5c6cbbecab52) Importer(815301076,1909f56bfc062723c751e8b465ee728b)  -> (artifact id: 'a7f584d4531068ab09a16b074467837d') in 0.098220 seconds 
========================================================================
Received Import Request.
  Time since last request: 0.000125 seconds.
  path: Assets/Traffic Essentials Asset Pack/Meshes/StraightGuardRail.fbx
  artifactKey: Guid(e2e50c12d08864c7e84c985f6c47b9e2) Importer(815301076,1909f56bfc062723c751e8b465ee728b)
Start importing Assets/Traffic Essentials Asset Pack/Meshes/StraightGuardRail.fbx using Guid(e2e50c12d08864c7e84c985f6c47b9e2) Importer(815301076,1909f56bfc062723c751e8b465ee728b)  -> (artifact id: 'd55a0a3221134f6163c97e706240d5d5') in 0.099483 seconds 
========================================================================
Received Import Request.
  Time since last request: 0.000038 seconds.
  path: Assets/Traffic Essentials Asset Pack/Meshes/CurvedGuardRail2.fbx
  artifactKey: Guid(59c796d412fd744078271625b6a81b69) Importer(815301076,1909f56bfc062723c751e8b465ee728b)
Start importing Assets/Traffic Essentials Asset Pack/Meshes/CurvedGuardRail2.fbx using Guid(59c796d412fd744078271625b6a81b69) Importer(815301076,1909f56bfc062723c751e8b465ee728b)  -> (artifact id: '4716a362c5183360d360ce36be08d317') in 0.107756 seconds 
========================================================================
Received Import Request.
  Time since last request: 0.000041 seconds.
  path: Assets/Traffic Essentials Asset Pack/Meshes/Traffic Light2.fbx
  artifactKey: Guid(b05466bd9959a49bbba0141119955dbd) Importer(815301076,1909f56bfc062723c751e8b465ee728b)
Start importing Assets/Traffic Essentials Asset Pack/Meshes/Traffic Light2.fbx using Guid(b05466bd9959a49bbba0141119955dbd) Importer(815301076,1909f56bfc062723c751e8b465ee728b)  -> (artifact id: 'be64831e3e55b11c7c8af91879088b24') in 0.257827 seconds 
========================================================================
Received Import Request.
  Time since last request: 0.000051 seconds.
  path: Assets/Traffic Essentials Asset Pack/Meshes/IntersectionPole.fbx
  artifactKey: Guid(82174d5760b1044c08087411843af7a6) Importer(815301076,1909f56bfc062723c751e8b465ee728b)
Start importing Assets/Traffic Essentials Asset Pack/Meshes/IntersectionPole.fbx using Guid(82174d5760b1044c08087411843af7a6) Importer(815301076,1909f56bfc062723c751e8b465ee728b)  -> (artifact id: '88f2f8a22e26aaac3d8a17667390d586') in 0.151233 seconds 
========================================================================
Received Import Request.
  Time since last request: 0.000041 seconds.
  path: Assets/Traffic Essentials Asset Pack/Meshes/Traffic Light.fbx
  artifactKey: Guid(97347e6614914410fa8839e6cba96397) Importer(815301076,1909f56bfc062723c751e8b465ee728b)
Start importing Assets/Traffic Essentials Asset Pack/Meshes/Traffic Light.fbx using Guid(97347e6614914410fa8839e6cba96397) Importer(815301076,1909f56bfc062723c751e8b465ee728b)  -> (artifact id: 'e855ca3199168a4c8d2a18556d4b9226') in 0.252241 seconds 
========================================================================
Received Import Request.
  Time since last request: 0.000521 seconds.
  path: Assets/Traffic Essentials Asset Pack/Meshes
  artifactKey: Guid(b9a0ae87b9dfe4eb39488f9f205eac34) Importer(815301076,1909f56bfc062723c751e8b465ee728b)
Start importing Assets/Traffic Essentials Asset Pack/Meshes using Guid(b9a0ae87b9dfe4eb39488f9f205eac34) Importer(815301076,1909f56bfc062723c751e8b465ee728b)  -> (artifact id: '1e7617ce4165a50378b26fc61d01acb7') in 0.005736 seconds 
========================================================================
Received Import Request.
  Time since last request: 0.000059 seconds.
  path: Assets/Traffic Essentials Asset Pack/Meshes/FireHydrant.fbx
  artifactKey: Guid(157ff7d9fb66b48a4ab2705c6d93be2f) Importer(815301076,1909f56bfc062723c751e8b465ee728b)
Start importing Assets/Traffic Essentials Asset Pack/Meshes/FireHydrant.fbx using Guid(157ff7d9fb66b48a4ab2705c6d93be2f) Importer(815301076,1909f56bfc062723c751e8b465ee728b)  -> (artifact id: '776640884f915698715800f74a6977ba') in 0.189908 seconds 
========================================================================
Received Import Request.
  Time since last request: 0.000048 seconds.
  path: Assets/Traffic Essentials Asset Pack/Meshes/TallPylon.fbx
  artifactKey: Guid(a26fd01090e0f4294b5e664c20c2bd60) Importer(815301076,1909f56bfc062723c751e8b465ee728b)
Start importing Assets/Traffic Essentials Asset Pack/Meshes/TallPylon.fbx using Guid(a26fd01090e0f4294b5e664c20c2bd60) Importer(815301076,1909f56bfc062723c751e8b465ee728b)  -> (artifact id: '8fc14ee5b1eeef7d6fa0e15294ba7b34') in 0.120479 seconds 
========================================================================
Received Import Request.
  Time since last request: 0.000150 seconds.
  path: Assets/Traffic Essentials Asset Pack/Meshes/OneWaySign.fbx
  artifactKey: Guid(aaf7d70ac9f0448e1b074c8f7e8cd5c5) Importer(815301076,1909f56bfc062723c751e8b465ee728b)
Start importing Assets/Traffic Essentials Asset Pack/Meshes/OneWaySign.fbx using Guid(aaf7d70ac9f0448e1b074c8f7e8cd5c5) Importer(815301076,1909f56bfc062723c751e8b465ee728b)  -> (artifact id: 'ddc51ba4a00121ee067b990d8e502eff') in 0.097368 seconds 
========================================================================
Received Import Request.
  Time since last request: 0.000038 seconds.
  path: Assets/Traffic Essentials Asset Pack/Meshes/Pedestrian LightPole.fbx
  artifactKey: Guid(bb9b57666ddb6412788f26d93c01dd24) Importer(815301076,1909f56bfc062723c751e8b465ee728b)
Start importing Assets/Traffic Essentials Asset Pack/Meshes/Pedestrian LightPole.fbx using Guid(bb9b57666ddb6412788f26d93c01dd24) Importer(815301076,1909f56bfc062723c751e8b465ee728b)  -> (artifact id: '355e650bd9c779466496737bb83fdbcb') in 0.060316 seconds 
